#
# A fatal error has been detected by the Java Runtime Environment:
#
#  EXCEPTION_UNCAUGHT_CXX_EXCEPTION (0xe06d7363) at pc=0x00007ffbfc23a839, pid=7200, tid=0x00000000000030a8
#
# JRE version: Java(TM) SE Runtime Environment (8.0_181-b13) (build 1.8.0_181-b13)
# Java VM: Java HotSpot(TM) 64-Bit Server VM (25.181-b13 mixed mode windows-amd64 compressed oops)
# Problematic frame:
# C  [KERNELBASE.dll+0x3a839]
#
# Failed to write core dump. Minidumps are not enabled by default on client versions of Windows
#
# If you would like to submit a bug report, please visit:
#   http://bugreport.java.com/bugreport/crash.jsp
# The crash happened outside the Java Virtual Machine in native code.
# See problematic frame for where to report the bug.
#

---------------  T H R E A D  ---------------

Current thread (0x0000000002f07000):  JavaThread "main" [_thread_in_native, id=12456, stack(0x0000000002cf0000,0x0000000002df0000)]

siginfo: ExceptionCode=0xe06d7363, ExceptionInformation=0x0000000019930520 0x0000000002ddf1b0 0x00007ffbe7b59fc0 0x00007ffbe7910000 

Registers:
RAX=0x00000000179adc50, RBX=0x00007ffbe7b59fc0, RCX=0x00000000179c7868, RDX=0x00000000179ad968
RSP=0x0000000002ddf020, RBP=0x0000000002ddf160, RSI=0x00007ffbe7ae83f0, RDI=0x0000000002ddf1b0
R8 =0x00007ffb179a79f0, R9 =0x0000000002de0b60, R10=0x00000000179a8a10, R11=0x00000000179a29e8
R12=0x00000000fffffffb, R13=0x0000000000000000, R14=0x00007ffbe7ae7f70, R15=0x0000000002def368
RIP=0x00007ffbfc23a839, EFLAGS=0x0000000000000206

Top of Stack: (sp=0x0000000002ddf020)
0x0000000002ddf020:   00000000179b09c0 00007ffbe7b59fc0
0x0000000002ddf030:   00007ffbe7ae83f0 0000000000000000
0x0000000002ddf040:   00000001e06d7363 0000000000000000
0x0000000002ddf050:   00007ffbfc23a839 0000000000000004
0x0000000002ddf060:   0000000019930520 0000000002ddf1b0
0x0000000002ddf070:   00007ffbe7b59fc0 00007ffbe7910000
0x0000000002ddf080:   0000000000000000 00000000fffffffb
0x0000000002ddf090:   00007ffbe7ae83f0 0000000002ddf160
0x0000000002ddf0a0:   0000000002ddf170 00007ffbff0bf49f
0x0000000002ddf0b0:   0000000002ddf1b0 00007ffb00000000
0x0000000002ddf0c0:   0000000002ddf1b0 00007ffbf233d306
0x0000000002ddf0d0:   00007ffbe7b79000 00007ffbe7910000
0x0000000002ddf0e0:   0000ec054475db7e 00007ffbf23bc4d0
0x0000000002ddf0f0:   00007ffbe7b59fc0 00007ffbf233ef63
0x0000000002ddf100:   0000000002ddf1b0 00007ffbf230eb8d
0x0000000002ddf110:   00007ffbf23bc4d0 00007ffbe7ae83f0 

Instructions: (pc=0x00007ffbfc23a839)
0x00007ffbfc23a819:   8b d1 44 0f 47 c0 44 89 44 24 38 49 c1 e0 03 e8
0x00007ffbfc23a829:   aa 4c 05 00 48 8d 4c 24 20 48 ff 15 af bf 16 00
0x00007ffbfc23a839:   0f 1f 44 00 00 48 8b 8c 24 c0 00 00 00 48 33 cc
0x00007ffbfc23a849:   e8 c2 ee 04 00 48 81 c4 d8 00 00 00 c3 83 64 24 


Register to memory mapping:

RAX=0x00000000179adc50 is pointing into metadata
RBX=0x00007ffbe7b59fc0 is an unknown value
RCX=0x00000000179c7868 is pointing into metadata
RDX=0x00000000179ad968 is pointing into metadata
RSP=0x0000000002ddf020 is pointing into the stack for thread: 0x0000000002f07000
RBP=0x0000000002ddf160 is pointing into the stack for thread: 0x0000000002f07000
RSI=0x00007ffbe7ae83f0 is an unknown value
RDI=0x0000000002ddf1b0 is pointing into the stack for thread: 0x0000000002f07000
R8 =0x00007ffb179a79f0 is an unknown value
R9 =0x0000000002de0b60 is pointing into the stack for thread: 0x0000000002f07000
R10=0x00000000179a8a10 is pointing into metadata
R11=0x00000000179a29e8 is pointing into metadata
R12=0x00000000fffffffb is an unallocated location in the heap
R13=0x0000000000000000 is an unknown value
R14=0x00007ffbe7ae7f70 is an unknown value
R15=0x0000000002def368 is pointing into the stack for thread: 0x0000000002f07000


Stack: [0x0000000002cf0000,0x0000000002df0000],  sp=0x0000000002ddf020,  free space=956k
Native frames: (J=compiled Java code, j=interpreted, Vv=VM code, C=native code)
C  [KERNELBASE.dll+0x3a839]
C  [msvcr120.dll+0x5ef63]
C  [opencv_core300.dll+0x18cb74]
C  [opencv_core300.dll+0x18ccb6]
C  [opencv_core300.dll+0x11b091]
C  [opencv_imgcodecs300.dll+0x17da8]
C  [jniopencv_imgcodecs.dll+0x898d]
C  0x0000000003018c67

Java frames: (J=compiled Java code, j=interpreted, Vv=VM code)
j  org.bytedeco.javacpp.opencv_imgcodecs.cvSaveImage(Ljava/lang/String;Lorg/bytedeco/javacpp/helper/opencv_core$CvArr;)I+0
j  com.example.ssl01.Ssl01Application.main([Ljava/lang/String;)V+90
v  ~StubRoutines::call_stub

---------------  P R O C E S S  ---------------

Java Threads: ( => current thread )
  0x000000001b07a000 JavaThread "RMI TCP Connection(3)-10.33.25.154" daemon [_thread_in_native, id=16140, stack(0x000000001c6a0000,0x000000001c7a0000)]
  0x000000001afaa800 JavaThread "RMI Scheduler(0)" daemon [_thread_blocked, id=16636, stack(0x000000001baa0000,0x000000001bba0000)]
  0x000000001aec8000 JavaThread "RMI TCP Connection(2)-10.33.25.154" daemon [_thread_in_native, id=8728, stack(0x000000001b9a0000,0x000000001baa0000)]
  0x000000001ae70000 JavaThread "RMI TCP Accept-0" daemon [_thread_in_native, id=30496, stack(0x000000001b7a0000,0x000000001b8a0000)]
  0x000000001a1d8000 JavaThread "Service Thread" daemon [_thread_blocked, id=15692, stack(0x000000001ab60000,0x000000001ac60000)]
  0x000000001a1a9800 JavaThread "C1 CompilerThread3" daemon [_thread_blocked, id=18564, stack(0x000000001aa60000,0x000000001ab60000)]
  0x000000001a1a4800 JavaThread "C2 CompilerThread2" daemon [_thread_blocked, id=29584, stack(0x000000001a960000,0x000000001aa60000)]
  0x000000001a19e800 JavaThread "C2 CompilerThread1" daemon [_thread_blocked, id=30896, stack(0x000000001a860000,0x000000001a960000)]
  0x000000001a19e000 JavaThread "C2 CompilerThread0" daemon [_thread_blocked, id=26288, stack(0x000000001a760000,0x000000001a860000)]
  0x000000001a19c000 JavaThread "Monitor Ctrl-Break" daemon [_thread_in_native, id=18696, stack(0x000000001a660000,0x000000001a760000)]
  0x0000000019e92000 JavaThread "Attach Listener" daemon [_thread_blocked, id=22096, stack(0x000000001a560000,0x000000001a660000)]
  0x0000000019e91000 JavaThread "Signal Dispatcher" daemon [_thread_blocked, id=29076, stack(0x000000001a460000,0x000000001a560000)]
  0x0000000002ffe000 JavaThread "Finalizer" daemon [_thread_blocked, id=11444, stack(0x000000001a260000,0x000000001a360000)]
  0x0000000017f7d800 JavaThread "Reference Handler" daemon [_thread_blocked, id=19264, stack(0x0000000019d60000,0x0000000019e60000)]
=>0x0000000002f07000 JavaThread "main" [_thread_in_native, id=12456, stack(0x0000000002cf0000,0x0000000002df0000)]

Other Threads:
  0x0000000017f78000 VMThread [stack: 0x0000000019c60000,0x0000000019d60000] [id=7208]
  0x000000001ae78800 WatcherThread [stack: 0x000000001b8a0000,0x000000001b9a0000] [id=14212]

VM state:not at safepoint (normal execution)

VM Mutex/Monitor currently owned by a thread: None

Heap:
 PSYoungGen      total 38400K, used 6765K [0x00000000d5f00000, 0x00000000d8980000, 0x0000000100000000)
  eden space 33280K, 9% used [0x00000000d5f00000,0x00000000d62316b0,0x00000000d7f80000)
  from space 5120K, 68% used [0x00000000d7f80000,0x00000000d82e9dc0,0x00000000d8480000)
  to   space 5120K, 0% used [0x00000000d8480000,0x00000000d8480000,0x00000000d8980000)
 ParOldGen       total 87552K, used 16K [0x0000000081c00000, 0x0000000087180000, 0x00000000d5f00000)
  object space 87552K, 0% used [0x0000000081c00000,0x0000000081c04000,0x0000000087180000)
 Metaspace       used 10365K, capacity 10606K, committed 10880K, reserved 1058816K
  class space    used 1265K, capacity 1339K, committed 1408K, reserved 1048576K

Card table byte_map: [0x00000000123c0000,0x00000000127c0000] byte_map_base: 0x0000000011fb2000

Marking Bits: (ParMarkBitMap*) 0x00000000532c2d00
 Begin Bits: [0x0000000013270000, 0x0000000015200000)
 End Bits:   [0x0000000015200000, 0x0000000017190000)

Polling page: 0x0000000001330000

CodeCache: size=245760Kb used=2580Kb max_used=2580Kb free=243179Kb
 bounds [0x0000000003000000, 0x0000000003290000, 0x0000000012000000]
 total_blobs=1350 nmethods=899 adapters=364
 compilation: enabled

Compilation events (10 events):
Event: 6.277 Thread 0x000000001a1a9800  890   !   1       java.io.ObjectOutputStream::defaultWriteFields (270 bytes)
Event: 6.279 Thread 0x000000001a1a9800 nmethod 890 0x0000000003281090 code [0x0000000003281280, 0x00000000032818f8]
Event: 6.279 Thread 0x000000001a1a9800  893       1       java.io.ObjectStreamClass$FieldReflector::getPrimFieldValues (317 bytes)
Event: 6.281 Thread 0x000000001a1a9800 nmethod 893 0x0000000003282010 code [0x0000000003282200, 0x0000000003282808]
Event: 6.281 Thread 0x000000001a1a9800  891       1       java.io.ObjectStreamClass::checkDefaultSerialize (20 bytes)
Event: 6.282 Thread 0x000000001a1a9800 nmethod 891 0x0000000003282f50 code [0x00000000032830c0, 0x0000000003283318]
Event: 6.282 Thread 0x000000001a1a9800  892       1       java.io.ObjectStreamClass::getPrimFieldValues (10 bytes)
Event: 6.282 Thread 0x000000001a1a9800 nmethod 892 0x0000000003283490 code [0x00000000032835e0, 0x0000000003283728]
Event: 6.282 Thread 0x000000001a1a9800  894       1       java.io.ObjectStreamClass::getObjFieldValues (10 bytes)
Event: 6.283 Thread 0x000000001a1a9800 nmethod 894 0x00000000032837d0 code [0x0000000003283920, 0x0000000003283a68]

GC Heap History (2 events):
Event: 3.520 GC heap before
{Heap before GC invocations=1 (full 0):
 PSYoungGen      total 38400K, used 33280K [0x00000000d5f00000, 0x00000000d8980000, 0x0000000100000000)
  eden space 33280K, 100% used [0x00000000d5f00000,0x00000000d7f80000,0x00000000d7f80000)
  from space 5120K, 0% used [0x00000000d8480000,0x00000000d8480000,0x00000000d8980000)
  to   space 5120K, 0% used [0x00000000d7f80000,0x00000000d7f80000,0x00000000d8480000)
 ParOldGen       total 87552K, used 0K [0x0000000081c00000, 0x0000000087180000, 0x00000000d5f00000)
  object space 87552K, 0% used [0x0000000081c00000,0x0000000081c00000,0x0000000087180000)
 Metaspace       used 10345K, capacity 10606K, committed 10880K, reserved 1058816K
  class space    used 1263K, capacity 1339K, committed 1408K, reserved 1048576K
Event: 3.524 GC heap after
Heap after GC invocations=1 (full 0):
 PSYoungGen      total 38400K, used 3495K [0x00000000d5f00000, 0x00000000d8980000, 0x0000000100000000)
  eden space 33280K, 0% used [0x00000000d5f00000,0x00000000d5f00000,0x00000000d7f80000)
  from space 5120K, 68% used [0x00000000d7f80000,0x00000000d82e9dc0,0x00000000d8480000)
  to   space 5120K, 0% used [0x00000000d8480000,0x00000000d8480000,0x00000000d8980000)
 ParOldGen       total 87552K, used 16K [0x0000000081c00000, 0x0000000087180000, 0x00000000d5f00000)
  object space 87552K, 0% used [0x0000000081c00000,0x0000000081c04000,0x0000000087180000)
 Metaspace       used 10345K, capacity 10606K, committed 10880K, reserved 1058816K
  class space    used 1263K, capacity 1339K, committed 1408K, reserved 1048576K
}

Deoptimization events (0 events):
No events

Classes redefined (0 events):
No events

Internal exceptions (10 events):
Event: 1.418 Thread 0x000000001aec8000 Exception <a 'java/lang/NoSuchMethodError': <clinit>> (0x00000000d7129510) thrown at [C:\re\workspace\8-2-build-windows-amd64-cygwin\jdk8u181\11358\hotspot\src\share\vm\prims\jni.cpp, line 1613]
Event: 1.933 Thread 0x000000001aec8000 Exception <a 'java/lang/reflect/InvocationTargetException'> (0x00000000d7162058) thrown at [C:\re\workspace\8-2-build-windows-amd64-cygwin\jdk8u181\11358\hotspot\src\share\vm\runtime\reflection.cpp, line 1092]
Event: 2.442 Thread 0x000000001aec8000 Exception <a 'java/lang/reflect/InvocationTargetException'> (0x00000000d716f9a8) thrown at [C:\re\workspace\8-2-build-windows-amd64-cygwin\jdk8u181\11358\hotspot\src\share\vm\runtime\reflection.cpp, line 1092]
Event: 2.948 Thread 0x000000001aec8000 Exception <a 'java/lang/reflect/InvocationTargetException'> (0x00000000d717d2c0) thrown at [C:\re\workspace\8-2-build-windows-amd64-cygwin\jdk8u181\11358\hotspot\src\share\vm\runtime\reflection.cpp, line 1092]
Event: 3.700 Thread 0x000000001b07a000 Exception <a 'java/lang/reflect/InvocationTargetException'> (0x00000000d6010fe8) thrown at [C:\re\workspace\8-2-build-windows-amd64-cygwin\jdk8u181\11358\hotspot\src\share\vm\runtime\reflection.cpp, line 1092]
Event: 4.213 Thread 0x000000001b07a000 Exception <a 'java/lang/reflect/InvocationTargetException'> (0x00000000d601f620) thrown at [C:\re\workspace\8-2-build-windows-amd64-cygwin\jdk8u181\11358\hotspot\src\share\vm\runtime\reflection.cpp, line 1092]
Event: 4.728 Thread 0x000000001b07a000 Exception <a 'java/lang/reflect/InvocationTargetException'> (0x00000000d613be38) thrown at [C:\re\workspace\8-2-build-windows-amd64-cygwin\jdk8u181\11358\hotspot\src\share\vm\runtime\reflection.cpp, line 1092]
Event: 5.247 Thread 0x000000001b07a000 Exception <a 'java/lang/reflect/InvocationTargetException'> (0x00000000d6149830) thrown at [C:\re\workspace\8-2-build-windows-amd64-cygwin\jdk8u181\11358\hotspot\src\share\vm\runtime\reflection.cpp, line 1092]
Event: 5.760 Thread 0x000000001b07a000 Exception <a 'java/lang/reflect/InvocationTargetException'> (0x00000000d6157230) thrown at [C:\re\workspace\8-2-build-windows-amd64-cygwin\jdk8u181\11358\hotspot\src\share\vm\runtime\reflection.cpp, line 1092]
Event: 6.276 Thread 0x000000001b07a000 Exception <a 'java/lang/reflect/InvocationTargetException'> (0x00000000d61e1a48) thrown at [C:\re\workspace\8-2-build-windows-amd64-cygwin\jdk8u181\11358\hotspot\src\share\vm\runtime\reflection.cpp, line 1092]

Events (10 events):
Event: 5.753 Thread 0x000000001b04d800 Thread added: 0x000000001b04d800
Event: 5.763 Executing VM operation: RevokeBias
Event: 5.763 Executing VM operation: RevokeBias done
Event: 5.764 Thread 0x000000001b04d800 Thread exited: 0x000000001b04d800
Event: 6.269 Thread 0x000000001b04d800 Thread added: 0x000000001b04d800
Event: 6.278 Executing VM operation: RevokeBias
Event: 6.279 Executing VM operation: RevokeBias done
Event: 6.279 Thread 0x000000001b04d800 Thread exited: 0x000000001b04d800
Event: 6.503 loading class org/bytedeco/javacpp/Pointer$2
Event: 6.503 loading class org/bytedeco/javacpp/Pointer$2 done


Dynamic libraries:
0x00007ff6e3e50000 - 0x00007ff6e3e87000 	C:\Program Files\Java\jdk1.8.0_181\bin\java.exe
0x00007ffbff0a0000 - 0x00007ffbff290000 	C:\WINDOWS\SYSTEM32\ntdll.dll
0x00007ffbfd580000 - 0x00007ffbfd632000 	C:\WINDOWS\System32\KERNEL32.DLL
0x00007ffbfc200000 - 0x00007ffbfc4a3000 	C:\WINDOWS\System32\KERNELBASE.dll
0x00007ffbfdcb0000 - 0x00007ffbfdd53000 	C:\WINDOWS\System32\ADVAPI32.dll
0x00007ffbfd4c0000 - 0x00007ffbfd55e000 	C:\WINDOWS\System32\msvcrt.dll
0x00007ffbfd640000 - 0x00007ffbfd6d7000 	C:\WINDOWS\System32\sechost.dll
0x00007ffbfe530000 - 0x00007ffbfe650000 	C:\WINDOWS\System32\RPCRT4.dll
0x00007ffbfed20000 - 0x00007ffbfeeb4000 	C:\WINDOWS\System32\USER32.dll
0x00007ffbfc030000 - 0x00007ffbfc051000 	C:\WINDOWS\System32\win32u.dll
0x00007ffbfef20000 - 0x00007ffbfef46000 	C:\WINDOWS\System32\GDI32.dll
0x00007ffbfc060000 - 0x00007ffbfc1f4000 	C:\WINDOWS\System32\gdi32full.dll
0x00007ffbfcf50000 - 0x00007ffbfcfee000 	C:\WINDOWS\System32\msvcp_win.dll
0x00007ffbfc530000 - 0x00007ffbfc62a000 	C:\WINDOWS\System32\ucrtbase.dll
0x00007ffbe56e0000 - 0x00007ffbe5965000 	C:\WINDOWS\WinSxS\amd64_microsoft.windows.common-controls_6595b64144ccf1df_6.0.18362.592_none_e6c0b1911312be02\COMCTL32.dll
0x00007ffbfd6e0000 - 0x00007ffbfda16000 	C:\WINDOWS\System32\combase.dll
0x00007ffbfc4b0000 - 0x00007ffbfc530000 	C:\WINDOWS\System32\bcryptPrimitives.dll
0x00007ffbfecf0000 - 0x00007ffbfed1e000 	C:\WINDOWS\System32\IMM32.DLL
0x0000000055600000 - 0x00000000556d2000 	C:\Program Files\Java\jdk1.8.0_181\jre\bin\msvcr100.dll
0x0000000052aa0000 - 0x0000000053342000 	C:\Program Files\Java\jdk1.8.0_181\jre\bin\server\jvm.dll
0x00007ffbfd560000 - 0x00007ffbfd568000 	C:\WINDOWS\System32\PSAPI.DLL
0x00007ffbf0730000 - 0x00007ffbf0739000 	C:\WINDOWS\SYSTEM32\WSOCK32.dll
0x00007ffbf2f30000 - 0x00007ffbf2f54000 	C:\WINDOWS\SYSTEM32\WINMM.dll
0x00007ffbf2f70000 - 0x00007ffbf2f7a000 	C:\WINDOWS\SYSTEM32\VERSION.dll
0x00007ffbfef50000 - 0x00007ffbfefbf000 	C:\WINDOWS\System32\WS2_32.dll
0x00007ffbf2b00000 - 0x00007ffbf2b2d000 	C:\WINDOWS\SYSTEM32\winmmbase.dll
0x00007ffbfd100000 - 0x00007ffbfd14a000 	C:\WINDOWS\System32\cfgmgr32.dll
0x00000000555f0000 - 0x00000000555ff000 	C:\Program Files\Java\jdk1.8.0_181\jre\bin\verify.dll
0x00000000555c0000 - 0x00000000555e9000 	C:\Program Files\Java\jdk1.8.0_181\jre\bin\java.dll
0x0000000055590000 - 0x00000000555b3000 	C:\Program Files\Java\jdk1.8.0_181\jre\bin\instrument.dll
0x0000000055570000 - 0x0000000055586000 	C:\Program Files\Java\jdk1.8.0_181\jre\bin\zip.dll
0x00007ffbfdde0000 - 0x00007ffbfe4c5000 	C:\WINDOWS\System32\SHELL32.dll
0x00007ffbfdc00000 - 0x00007ffbfdca9000 	C:\WINDOWS\System32\shcore.dll
0x00007ffbfc660000 - 0x00007ffbfcddf000 	C:\WINDOWS\System32\windows.storage.dll
0x00007ffbfbfa0000 - 0x00007ffbfbfbf000 	C:\WINDOWS\System32\profapi.dll
0x00007ffbfbfe0000 - 0x00007ffbfc02a000 	C:\WINDOWS\System32\powrprof.dll
0x00007ffbfbf70000 - 0x00007ffbfbf80000 	C:\WINDOWS\System32\UMPDC.dll
0x00007ffbfe4d0000 - 0x00007ffbfe522000 	C:\WINDOWS\System32\shlwapi.dll
0x00007ffbfbf80000 - 0x00007ffbfbf91000 	C:\WINDOWS\System32\kernel.appcore.dll
0x00007ffbfcde0000 - 0x00007ffbfcdf7000 	C:\WINDOWS\System32\cryptsp.dll
0x00007ffbf24e0000 - 0x00007ffbf24fa000 	C:\Program Files\JetBrains\IntelliJ IDEA 2019.3.2\bin\breakgen64.dll
0x0000000055550000 - 0x000000005556a000 	C:\Program Files\Java\jdk1.8.0_181\jre\bin\net.dll
0x00007ffbfb780000 - 0x00007ffbfb7e7000 	C:\WINDOWS\system32\mswsock.dll
0x00007ffbfb530000 - 0x00007ffbfb5fa000 	C:\WINDOWS\SYSTEM32\DNSAPI.dll
0x00007ffbfd570000 - 0x00007ffbfd578000 	C:\WINDOWS\System32\NSI.dll
0x00007ffbfb490000 - 0x00007ffbfb4ca000 	C:\WINDOWS\SYSTEM32\IPHLPAPI.DLL
0x00007ffbf2f60000 - 0x00007ffbf2f6a000 	C:\Windows\System32\rasadhlp.dll
0x00007ffbf5680000 - 0x00007ffbf56f7000 	C:\WINDOWS\System32\fwpuclnt.dll
0x00007ffbfc630000 - 0x00007ffbfc656000 	C:\WINDOWS\System32\bcrypt.dll
0x0000000055470000 - 0x000000005547d000 	C:\Program Files\Java\jdk1.8.0_181\jre\bin\management.dll
0x0000000055450000 - 0x0000000055461000 	C:\Program Files\Java\jdk1.8.0_181\jre\bin\nio.dll
0x00007ffbfb2f0000 - 0x00007ffbfb323000 	C:\WINDOWS\system32\rsaenh.dll
0x00007ffbfbe90000 - 0x00007ffbfbeb5000 	C:\WINDOWS\SYSTEM32\USERENV.dll
0x00007ffbfb950000 - 0x00007ffbfb95c000 	C:\WINDOWS\SYSTEM32\CRYPTBASE.dll
0x00007ffbf58e0000 - 0x00007ffbf58f6000 	C:\WINDOWS\SYSTEM32\dhcpcsvc6.DLL
0x00007ffbf5c90000 - 0x00007ffbf5cac000 	C:\WINDOWS\SYSTEM32\dhcpcsvc.DLL
0x00007ffbef4c0000 - 0x00007ffbef4d6000 	C:\WINDOWS\system32\napinsp.dll
0x00007ffbe7ce0000 - 0x00007ffbe7cfa000 	C:\WINDOWS\system32\pnrpnsp.dll
0x00007ffbf4920000 - 0x00007ffbf492e000 	C:\WINDOWS\System32\winrnr.dll
0x00007ffbf6d30000 - 0x00007ffbf6d4c000 	C:\WINDOWS\system32\NLAapi.dll
0x00007ffbd5ee0000 - 0x00007ffbd5ef5000 	C:\WINDOWS\system32\wshbth.dll
0x00007ffbf22e0000 - 0x00007ffbf23cf000 	C:\Users\ASUS\AppData\Local\Temp\javacpp670025036397500\msvcr120.dll
0x00007ffbef6b0000 - 0x00007ffbef756000 	C:\Users\ASUS\AppData\Local\Temp\javacpp670025036397500\msvcp120.dll
0x00007ffbe7910000 - 0x00007ffbe7b91000 	C:\Users\ASUS\AppData\Local\Temp\javacpp670025036397500\opencv_core300.dll
0x00007ffbc8a10000 - 0x00007ffbc8d8f000 	C:\Users\ASUS\AppData\Local\Temp\javacpp670025036397500\opencv_imgproc300.dll
0x00007ffbc7510000 - 0x00007ffbc76c8000 	C:\Users\ASUS\AppData\Local\Temp\javacpp670025036397500\jniopencv_core.dll
0x00007ffbd0f50000 - 0x00007ffbd0ff5000 	C:\Users\ASUS\AppData\Local\Temp\javacpp670025036397500\jniopencv_imgproc.dll
0x00007ffbc3c50000 - 0x00007ffbc3f07000 	C:\Users\ASUS\AppData\Local\Temp\javacpp670025036397500\opencv_imgcodecs300.dll
0x00007ffbf24c0000 - 0x00007ffbf24db000 	C:\Users\ASUS\AppData\Local\Temp\javacpp670025036397500\jniopencv_imgcodecs.dll
0x00007ffbd5840000 - 0x00007ffbd5888000 	C:\Users\ASUS\AppData\Local\Temp\javacpp670025036397500\opencv_videoio300.dll
0x00007ffbfd220000 - 0x00007ffbfd376000 	C:\WINDOWS\System32\ole32.dll
0x00007ffbfd150000 - 0x00007ffbfd214000 	C:\WINDOWS\System32\OLEAUT32.dll
0x00007ffbf2490000 - 0x00007ffbf24b9000 	C:\WINDOWS\SYSTEM32\MSVFW32.dll
0x00007ffbef690000 - 0x00007ffbef6b0000 	C:\WINDOWS\SYSTEM32\AVIFIL32.dll
0x00007ffbeb280000 - 0x00007ffbeb298000 	C:\WINDOWS\SYSTEM32\AVICAP32.dll
0x00007ffbf48b0000 - 0x00007ffbf48cc000 	C:\WINDOWS\SYSTEM32\MSACM32.dll
0x00007ffbea940000 - 0x00007ffbea954000 	C:\Users\ASUS\AppData\Local\Temp\javacpp670025036397500\jniopencv_videoio.dll
0x00007ffbf9810000 - 0x00007ffbf98a9000 	C:\WINDOWS\system32\uxtheme.dll
0x00007ffbfd380000 - 0x00007ffbfd4b5000 	C:\WINDOWS\System32\MSCTF.dll
0x00007ffbf6940000 - 0x00007ffbf69b2000 	C:\WINDOWS\SYSTEM32\MMDevAPI.DLL
0x00007ffbfbbd0000 - 0x00007ffbfbbfa000 	C:\WINDOWS\SYSTEM32\DEVOBJ.dll
0x00007ffbebcc0000 - 0x00007ffbebd04000 	C:\WINDOWS\SYSTEM32\wdmaud.drv
0x00007ffbf5180000 - 0x00007ffbf5189000 	C:\WINDOWS\SYSTEM32\ksuser.dll
0x00007ffbf5f70000 - 0x00007ffbf5f7a000 	C:\WINDOWS\SYSTEM32\AVRT.dll
0x00007ffbf6bb0000 - 0x00007ffbf6d0d000 	C:\WINDOWS\SYSTEM32\AUDIOSES.DLL
0x00007ffbf7580000 - 0x00007ffbf76d3000 	C:\WINDOWS\SYSTEM32\wintypes.dll
0x00007ffbf5f80000 - 0x00007ffbf5f8d000 	C:\WINDOWS\SYSTEM32\msacm32.drv
0x00007ffbf5190000 - 0x00007ffbf519a000 	C:\WINDOWS\SYSTEM32\midimap.dll
0x00007ffbfda20000 - 0x00007ffbfdac2000 	C:\WINDOWS\System32\clbcatq.dll
0x00007ffbe7040000 - 0x00007ffbe7058000 	C:\Windows\System32\devenum.dll
0x00007ffbfe650000 - 0x00007ffbfeac0000 	C:\WINDOWS\System32\setupapi.dll
0x00007ffbfb050000 - 0x00007ffbfb081000 	C:\WINDOWS\SYSTEM32\ntmarta.dll
0x00007ffbfcff0000 - 0x00007ffbfd04c000 	C:\WINDOWS\System32\WINTRUST.dll
0x00007ffbfbfc0000 - 0x00007ffbfbfd2000 	C:\WINDOWS\System32\MSASN1.dll
0x00007ffbfce00000 - 0x00007ffbfcf49000 	C:\WINDOWS\System32\CRYPT32.dll
0x00007ffbf85a0000 - 0x00007ffbf85ab000 	C:\WINDOWS\SYSTEM32\msdmo.dll
0x00007ffbd1ef0000 - 0x00007ffbd1f3c000 	C:\Windows\System32\mfksproxy.dll
0x00007ffbd8910000 - 0x00007ffbd892c000 	C:\Windows\System32\ATL.DLL
0x00007ffbf5480000 - 0x00007ffbf567a000 	C:\Windows\System32\MFPlat.DLL
0x00007ffbf5fa0000 - 0x00007ffbf5fcf000 	C:\Windows\System32\RTWorkQ.DLL
0x00007ffbd0ef0000 - 0x00007ffbd0f4c000 	C:\Windows\System32\MFSENSORGROUP.dll
0x00007ffbd0ea0000 - 0x00007ffbd0eed000 	C:\Windows\System32\ksproxy.ax
0x00007ffbc3f10000 - 0x00007ffbc40d7000 	C:\Windows\System32\d3d9.dll
0x00007ffbf98e0000 - 0x00007ffbf990d000 	C:\Windows\System32\dwmapi.dll
0x00007ffbfabe0000 - 0x00007ffbfac00000 	C:\WINDOWS\SYSTEM32\dxcore.dll
0x00007ffbf67f0000 - 0x00007ffbf6876000 	C:\WINDOWS\SYSTEM32\policymanager.dll
0x00007ffbf65f0000 - 0x00007ffbf667a000 	C:\Windows\System32\msvcp110_win.dll
0x00007ffbf4860000 - 0x00007ffbf486d000 	C:\Windows\System32\vidcap.ax
0x00007ffbe0e10000 - 0x00007ffbe0e36000 	C:\Windows\System32\kswdmcap.ax
0x00007ffbc3ae0000 - 0x00007ffbc3c42000 	C:\Windows\System32\MFC42.dll
0x00007ffbd5800000 - 0x00007ffbd5834000 	C:\Windows\System32\qcap.dll
0x00007ffbc3910000 - 0x00007ffbc3ad4000 	C:\Windows\System32\quartz.dll
0x00007ffbe1350000 - 0x00007ffbe13ee000 	C:\WINDOWS\System32\TextInputFramework.dll
0x00007ffbdeca0000 - 0x00007ffbdefca000 	C:\WINDOWS\System32\CoreUIComponents.dll
0x00007ffbf84b0000 - 0x00007ffbf8584000 	C:\WINDOWS\System32\CoreMessaging.dll
0x00007ffbf1d40000 - 0x00007ffbf1fe6000 	C:\WINDOWS\System32\iertutil.dll
0x00007ffbf5a40000 - 0x00007ffbf5a48000 	C:\WINDOWS\SYSTEM32\DCIMAN32.DLL
0x00007ffbe7db0000 - 0x00007ffbe7dc5000 	C:\WINDOWS\SYSTEM32\vfwwdm32.dll
0x00007ffbf4820000 - 0x00007ffbf482c000 	C:\WINDOWS\SYSTEM32\msyuv.dll
0x00007ffbfa880000 - 0x00007ffbfaa74000 	C:\WINDOWS\SYSTEM32\dbghelp.dll

VM Arguments:
jvm_args: -XX:TieredStopAtLevel=1 -Xverify:none -Dspring.output.ansi.enabled=always -Dcom.sun.management.jmxremote -Dspring.jmx.enabled=true -Dspring.liveBeansView.mbeanDomain -Dspring.application.admin.enabled=true -javaagent:C:\Program Files\JetBrains\IntelliJ IDEA 2019.3.2\lib\idea_rt.jar=12541:C:\Program Files\JetBrains\IntelliJ IDEA 2019.3.2\bin -Dfile.encoding=UTF-8 
java_command: com.example.ssl01.Ssl01Application
java_class_path (initial): C:\Program Files\Java\jdk1.8.0_181\jre\lib\charsets.jar;C:\Program Files\Java\jdk1.8.0_181\jre\lib\deploy.jar;C:\Program Files\Java\jdk1.8.0_181\jre\lib\ext\access-bridge-64.jar;C:\Program Files\Java\jdk1.8.0_181\jre\lib\ext\cldrdata.jar;C:\Program Files\Java\jdk1.8.0_181\jre\lib\ext\dnsns.jar;C:\Program Files\Java\jdk1.8.0_181\jre\lib\ext\jaccess.jar;C:\Program Files\Java\jdk1.8.0_181\jre\lib\ext\jfxrt.jar;C:\Program Files\Java\jdk1.8.0_181\jre\lib\ext\localedata.jar;C:\Program Files\Java\jdk1.8.0_181\jre\lib\ext\nashorn.jar;C:\Program Files\Java\jdk1.8.0_181\jre\lib\ext\sunec.jar;C:\Program Files\Java\jdk1.8.0_181\jre\lib\ext\sunjce_provider.jar;C:\Program Files\Java\jdk1.8.0_181\jre\lib\ext\sunmscapi.jar;C:\Program Files\Java\jdk1.8.0_181\jre\lib\ext\sunpkcs11.jar;C:\Program Files\Java\jdk1.8.0_181\jre\lib\ext\zipfs.jar;C:\Program Files\Java\jdk1.8.0_181\jre\lib\javaws.jar;C:\Program Files\Java\jdk1.8.0_181\jre\lib\jce.jar;C:\Program Files\Java\jdk1.8.0_181\jre\lib\jfr.jar;C:\Program Files\Java\jdk1.8.0_181\jre\lib\jfxswt.jar;C:\Program Files\Java\jdk1.8.0_181\jre\lib\jsse.jar;C:\Program Files\Java\jdk1.8.0_181\jre\lib\management-agent.jar;C:\Program Files\Java\jdk1.8.0_181\jre\lib\plugin.jar;C:\Program Files\Java\jdk1.8.0_181\jre\lib\resources.jar;C:\Program Files\Java\jdk1.8.0_181\jre\lib\rt.jar;C:\Users\ASUS\Desktop\Research\Desktop application docs\STS_Workplace\SSL_01\target\classes;C:\Users\ASUS\.m2\repository\org\springframework\boot\spring-boot-starter-web\2.2.4.RELEASE\spring-boot-starter-web-2.2.4.RELEASE.jar;C:\Users\ASUS\.m2\repository\org\springframework\boot\spring-boot-starter\2.2.4.RELEASE\spring-boot-starter-2.2.4.RELEASE.jar;C:\Users\ASUS\.m2\repository\org\springframework\boot\spring-boot\2.2.4.RELEASE\spring-boot-2.2.4.RELEASE.jar;C:\Users\ASUS\.m2\repository\org\springframework\boot\spring-boot-autoconfigure\2.2.4.RELEASE\spring-boot-autoconfigure-2.2.4.RELEASE.jar;C:\Users\ASUS\.m2\repository\org\springframework\
Launcher Type: SUN_STANDARD

Environment Variables:
PATH=C:\Program Files (x86)\Common Files\Oracle\Java\javapath;C:\Program Files (x86)\Intel\iCLS Client\;C:\Program Files\Intel\iCLS Client\;C:\Windows\system32;C:\Windows;C:\Windows\System32\Wbem;C:\Windows\System32\WindowsPowerShell\v1.0\;C:\Windows\System32\OpenSSH\;C:\Program Files (x86)\Intel\Intel(R) Management Engine Components\DAL;C:\Program Files\Intel\Intel(R) Management Engine Components\DAL;C:\Program Files (x86)\Intel\Intel(R) Management Engine Components\IPT;C:\Program Files\Intel\Intel(R) Management Engine Components\IPT;C:\Program Files (x86)\NVIDIA Corporation\PhysX\Common;C:\WINDOWS\system32\config\systemprofile\.dnx\bin;C:\Program Files\Microsoft DNX\Dnvm\;C:\Program Files\Microsoft SQL Server\120\Tools\Binn\;C:\Program Files\Microsoft SQL Server\130\Tools\Binn\;C:\Program Files\Microsoft SQL Server\Client SDK\ODBC\110\Tools\Binn\;C:\Program Files (x86)\Microsoft SQL Server\120\Tools\Binn\;C:\Program Files\Microsoft SQL Server\120\DTS\Binn\;C:\Program Files (x86)\Microsoft SQL Server\120\Tools\Binn\ManagementStudio\;C:\Program Files (x86)\Microsoft SQL Server\120\DTS\Binn\;C:\Program Files\MiKTeX 2.9\miktex\bin\x64\;C:\Program Files\MATLAB\R2014a\runtime\win64;C:\Program Files\MATLAB\R2014a\bin;C:\Program Files\MATLAB\R2014a\polyspace\bin;C:\Program Files\Intel\WiFi\bin\;C:\Program Files\Common Files\Intel\WirelessCommon\;D:\SetUps\Android SDK\platform-tools;C:\Program Files\PuTTY\;C:\Program Files\Git\cmd;C:\WINDOWS\system32;C:\WINDOWS;C:\WINDOWS\System32\Wbem;C:\WINDOWS\System32\WindowsPowerShell\v1.0\;C:\WINDOWS\System32\OpenSSH\;C:\Program Files (x86)\Java\jdk1.8.0_241\bin;C:\Users\ASUS\AppData\Local\Programs\Python\Python37-32\Scripts\;C:\Users\ASUS\AppData\Local\Programs\Python\Python37-32\;C:\Users\ASUS\Anaconda3;C:\Users\ASUS\Anaconda3\Library\mingw-w64\bin;C:\Users\ASUS\Anaconda3\Library\usr\bin;C:\Users\ASUS\Anaconda3\Library\bin;C:\Users\ASUS\AppData\Local\Microsoft\WindowsApps;C:\Users\ASUS\Anaconda3\Scripts;
USERNAME=Shanu
OS=Windows_NT
PROCESSOR_IDENTIFIER=Intel64 Family 6 Model 142 Stepping 10, GenuineIntel



---------------  S Y S T E M  ---------------

OS: Windows 10.0 , 64 bit Build 18362 (10.0.18362.329)

CPU:total 8 (initial active 8) (4 cores per cpu, 2 threads per core) family 6 model 142 stepping 10, cmov, cx8, fxsr, mmx, sse, sse2, sse3, ssse3, sse4.1, sse4.2, popcnt, avx, avx2, aes, clmul, erms, 3dnowpref, lzcnt, ht, tsc, tscinvbit, bmi1, bmi2, adx

Memory: 4k page, physical 8268452k(1440756k free), swap 23997092k(6302040k free)

vm_info: Java HotSpot(TM) 64-Bit Server VM (25.181-b13) for windows-amd64 JRE (1.8.0_181-b13), built on Jul  7 2018 04:01:33 by "java_re" with MS VC++ 10.0 (VS2010)

time: Sat Feb 01 17:12:48 2020
elapsed time: 7 seconds (0d 0h 0m 7s)

